2022-08-06 11:43:40,855 INFO  [Log] Login Completed 
2022-08-06 11:43:40,901 INFO  [Log] Enter into frame 
2022-08-06 11:43:42,137 INFO  [Log] Delete Emp Record 
2022-08-06 11:43:42,147 INFO  [Log] Exit into frame 
2022-08-06 11:52:08,185 INFO  [Log] Login Completed 
2022-08-06 11:52:08,256 INFO  [Log] Logout Completed 
2022-08-06 11:52:11,549 INFO  [Log] Login Completed 
2022-08-06 11:52:11,608 INFO  [Log] Enter into frame 
2022-08-06 12:02:08,461 INFO  [Log] Login Completed 
2022-08-06 12:02:08,547 INFO  [Log] Logout Completed 
2022-08-06 12:02:11,645 INFO  [Log] Login Completed 
2022-08-06 12:02:11,696 INFO  [Log] Enter into frame 
2022-08-06 12:03:16,772 INFO  [Log] Login Completed 
2022-08-06 12:03:16,899 INFO  [Log] Logout Completed 
2022-08-06 12:03:21,042 INFO  [Log] Login Completed 
2022-08-06 12:03:21,107 INFO  [Log] Enter into frame 
2022-08-06 12:03:22,607 INFO  [Log] Delete Emp Record 
2022-08-06 12:03:22,626 INFO  [Log] Exit into frame 
2022-08-06 12:04:56,815 INFO  [Log] Login Completed 
2022-08-06 12:04:56,906 INFO  [Log] Logout Completed 
2022-08-06 12:05:05,738 INFO  [Log] Login Completed 
2022-08-06 12:05:05,815 INFO  [Log] Enter into frame 
2022-08-06 12:05:07,625 INFO  [Log] Delete Emp Record 
2022-08-06 12:05:07,637 INFO  [Log] Exit into frame 
2022-08-06 12:16:29,704 INFO  [Log] Login Completed 
2022-08-06 12:16:29,790 INFO  [Log] Logout Completed 
2022-08-06 12:16:33,744 INFO  [Log] Login Completed 
2022-08-06 12:16:33,812 INFO  [Log] Enter into frame 
